        ^^^^^^^^^^^^^^^^^^^^^^^^^^^^^^^^^^^^^^^^^^^^^^^^^^^^^^^^^^^^^^^^^^^^^^^^^^^^^^^^^^^^^
                             *** Programa para análise de pórtico plano ***
		                    Faculdade de Engenharia de Bauru
        ^^^^^^^^^^^^^^^^^^^^^^^^^^^^^^^^^^^^^^^^^^^^^^^^^^^^^^^^^^^^^^^^^^^^^^^^^^^^^^^^^^^^^

	Engenheiro Estrutural: Ana Paula de Souza Neres
	Obra: Sobrado de 12 comodos
	Localização: rua João Manzanno n⁰ 220,  Garça-SP

	Convenção usual: N+ = tração
                         V+ = horário
                         M+ = tração na fibra inferior

	------DADOS GEREAIS DA ESTRUTURA------

        nome do portico:                                Exemplo1
        numero de nos:                                      4
        numero de elementos:                                3
        numero de nos com carga:                            0
        numero de elementos com carga:                      0
        numero de nos vinculados:                           2


        ^^^^^^^^^^^^^^^^^^^^^^^^^^^^^^^^^^^^^^^^^^^^^^^^^^^^^^^^^^^^^^^^^^^^^^^^^^^^^^^^^^^^^
	COORDENADAS DOS NOS

	num. nó    coord. x(m)    coord. y(m)
        ^^^^^^^^^^^^^^^^^^^^^^^^^^^^^^^^^^^^^^^^^^^^^^^^^^^^^^^^^^^^^^^^^^^^^^^^^^^^^^^^^^^^^

              1              0              0
              2              0              3
              3              3              3
              4              3              1
 
        ^^^^^^^^^^^^^^^^^^^^^^^^^^^^^^^^^^^^^^^^^^^^^^^^^^^^^^^^^^^^^^^^^^^^^^^^^^^^^^^^^^^^^
        INCIDENCIA 

        num. barra      no inicio         no fim       E(kN/cm²)         A(cm²)       Iz(cm⁴)
        ^^^^^^^^^^^^^^^^^^^^^^^^^^^^^^^^^^^^^^^^^^^^^^^^^^^^^^^^^^^^^^^^^^^^^^^^^^^^^^^^^^^^^

                 1              1              2              1             10              1
                 2              2              3              1             10              1
                 3              3              4              1             10              1
        
	^^^^^^^^^^^^^^^^^^^^^^^^^^^^^^^^^^^^^^^^^^^^^^^^^^^^^^^^^^^^^^^^^^^^^^^^^^^^^^^^^^^^^
        DADOS RELATIVOS A VARIAÇÃO TÉRMICA 

        num. barra          h(cm)     alpha(/⁰C)         te(⁰C)         ti(⁰C)
        ^^^^^^^^^^^^^^^^^^^^^^^^^^^^^^^^^^^^^^^^^^^^^^^^^^^^^^^^^^^^^^^^^^^^^^^^^^^^^^^^^^^^^

                 1             20              1             40              0
                 2             10              1             40              0
                 3             20              1             40              0


        ^^^^^^^^^^^^^^^^^^^^^^^^^^^^^^^^^^^^^^^^^^^^^^^^^^^^^^^^^^^^^^^^^^^^^^^^^^^^^^^^^^^^^    
	FORÇAS CONCENTRADAS NODAIS                 (Sistema de coordenadas globais)

	num. no         força x(kN)         força y(kN)       mom. z(kN*cm)
        ^^^^^^^^^^^^^^^^^^^^^^^^^^^^^^^^^^^^^^^^^^^^^^^^^^^^^^^^^^^^^^^^^^^^^^^^^^^^^^^^^^^^^
	


        ^^^^^^^^^^^^^^^^^^^^^^^^^^^^^^^^^^^^^^^^^^^^^^^^^^^^^^^^^^^^^^^^^^^^^^^^^^^^^^^^^^^^^
	FORÇAS DISTRIBUÍDAS NAS BARRAS             (Sistema de coordenadas locais)

	num. barra    força x1(kN/m)    força x2(kN/m)    força y1(kN/m)    força y2(kN/m)
        ^^^^^^^^^^^^^^^^^^^^^^^^^^^^^^^^^^^^^^^^^^^^^^^^^^^^^^^^^^^^^^^^^^^^^^^^^^^^^^^^^^^^^

	
	         
	^^^^^^^^^^^^^^^^^^^^^^^^^^^^^^^^^^^^^^^^^^^^^^^^^^^^^^^^^^^^^^^^^^^^^^^^^^^^^^^^^^^^^
	VINCULAÇÕES                      (Sendo: 1 = impedido, 0 = livre)

	num. no        vinc. x        vinc. y        vinc. z        recalque x     recalque y
	^^^^^^^^^^^^^^^^^^^^^^^^^^^^^^^^^^^^^^^^^^^^^^^^^^^^^^^^^^^^^^^^^^^^^^^^^^^^^^^^^^^^^
        
              1              1              1              1
              4              1              1              0


	^^^^^^^^^^^^^^^^^^^^^^^^^^^^^^^^^^^^^^^^^^^^^^^^^^^^^^^^^^^^^^^^^^^^^^^^^^^^^^^^^^^^^
	DESLOCAMENTOS NODAIS

	num. no      desloc. x      desloc. y      rotacao z
	^^^^^^^^^^^^^^^^^^^^^^^^^^^^^^^^^^^^^^^^^^^^^^^^^^^^^^^^^^^^^^^^^^^^^^^^^^^^^^^^^^^^^

              1     0.0000e+00     0.0000e+00     0.0000e+00
              2     2.3629e+02     7.4749e+01     4.0865e+01
              3     3.3597e+02     3.0167e+01    -1.4433e+02
              4     0.0000e+00     0.0000e+00    -2.7981e+02


	^^^^^^^^^^^^^^^^^^^^^^^^^^^^^^^^^^^^^^^^^^^^^^^^^^^^^^^^^^^^^^^^^^^^^^^^^^^^^^^^^^^^^
	ESFORÇOS FINAIS

	num. barra      num.no          força x(kN)        força y(kN)        mom. z(kN*m)
	^^^^^^^^^^^^^^^^^^^^^^^^^^^^^^^^^^^^^^^^^^^^^^^^^^^^^^^^^^^^^^^^^^^^^^^^^^^^^^^^^^^^^

              1              1         -4.9164e+01          1.3226e+02         -1.5230e+01
                             2          4.9164e+01         -1.3226e+02          4.1201e+02

              2              2         -1.3226e+02         -4.9164e+01         -4.1201e+02
                             3          1.3226e+02          4.9164e+01          2.6452e+02

              3              3          4.9164e+01         -1.3226e+02         -2.6452e+02
                             4         -4.9164e+01          1.3226e+02          0.0000e+00
