        ^^^^^^^^^^^^^^^^^^^^^^^^^^^^^^^^^^^^^^^^^^^^^^^^^^^^^^^^^^^^^^^^^^^^^^^^^^^^^^^^^^^^^
                             *** Programa para análise de pórtico plano ***
		                    Faculdade de Engenharia de Bauru
        ^^^^^^^^^^^^^^^^^^^^^^^^^^^^^^^^^^^^^^^^^^^^^^^^^^^^^^^^^^^^^^^^^^^^^^^^^^^^^^^^^^^^^

	Engenheiro Estrutural: Ana Paula de Souza Neres
	Obra: Sobrado de 12 comodos
	Localização: rua João Manzanno n⁰ 220,  Garça-SP

	Convenção usual: N+ = tração
                         V+ = horário
                         M+ = tração na fibra inferior

	------DADOS GEREAIS DA ESTRUTURA------

        nome do portico:                                 Prova 1
        numero de nos:                                      5
        numero de elementos:                                4
        numero de nos com carga:                            1
        numero de elementos com carga:                      2
        numero de nos vinculados:                           3
        numero de nos com apoio elastico:                   0
        numero de nos com recalque:                         0


        ^^^^^^^^^^^^^^^^^^^^^^^^^^^^^^^^^^^^^^^^^^^^^^^^^^^^^^^^^^^^^^^^^^^^^^^^^^^^^^^^^^^^^
	COORDENADAS DOS NOS

	num. nó    coord. x(m)    coord. y(m)
        ^^^^^^^^^^^^^^^^^^^^^^^^^^^^^^^^^^^^^^^^^^^^^^^^^^^^^^^^^^^^^^^^^^^^^^^^^^^^^^^^^^^^^

              1              0              4
              2              5              4
              3             11              4
              4              5              2
              5              5              0
  
        ^^^^^^^^^^^^^^^^^^^^^^^^^^^^^^^^^^^^^^^^^^^^^^^^^^^^^^^^^^^^^^^^^^^^^^^^^^^^^^^^^^^^^
        INCIDENCIA 

        num. barra      no inicio         no fim         E(kN/m²)           A(m²)      Iz(m⁴)
        ^^^^^^^^^^^^^^^^^^^^^^^^^^^^^^^^^^^^^^^^^^^^^^^^^^^^^^^^^^^^^^^^^^^^^^^^^^^^^^^^^^^^^

                 1              1              2          2e+06          0.147          0.006
                 2              2              3          2e+06          0.147          0.006
                 3              2              4          2e+06          0.147          0.006
                 4              4              5          2e+06          0.147          0.006
        	 
	^^^^^^^^^^^^^^^^^^^^^^^^^^^^^^^^^^^^^^^^^^^^^^^^^^^^^^^^^^^^^^^^^^^^^^^^^^^^^^^^^^^^^
        DADOS RELATIVOS A VARIAÇÃO TÉRMICA 

        num. barra          h(cm)     alpha(/⁰C)         te(⁰C)         ti(⁰C)
        ^^^^^^^^^^^^^^^^^^^^^^^^^^^^^^^^^^^^^^^^^^^^^^^^^^^^^^^^^^^^^^^^^^^^^^^^^^^^^^^^^^^^^

                 1             20              0              0              0
                 2             20              0              0              0
                 3             20              0              0              0
                 4             20              0              0              0


	^^^^^^^^^^^^^^^^^^^^^^^^^^^^^^^^^^^^^^^^^^^^^^^^^^^^^^^^^^^^^^^^^^^^^^^^^^^^^^^^^^^^^
	APOIOS ELÁSTICOS

	num. no       Kx(kN/m)       Ky(kN/m)    Kz(kN*m/rad)
	^^^^^^^^^^^^^^^^^^^^^^^^^^^^^^^^^^^^^^^^^^^^^^^^^^^^^^^^^^^^^^^^^^^^^^^^^^^^^^^^^^^^^

              

        ^^^^^^^^^^^^^^^^^^^^^^^^^^^^^^^^^^^^^^^^^^^^^^^^^^^^^^^^^^^^^^^^^^^^^^^^^^^^^^^^^^^^^    
	FORÇAS CONCENTRADAS NODAIS                 (Sistema de coordenadas globais)

	num. no         força x(kN)         força y(kN)        mom. z(kN*m)
        ^^^^^^^^^^^^^^^^^^^^^^^^^^^^^^^^^^^^^^^^^^^^^^^^^^^^^^^^^^^^^^^^^^^^^^^^^^^^^^^^^^^^^
	
              4                   4                   0                   0


        ^^^^^^^^^^^^^^^^^^^^^^^^^^^^^^^^^^^^^^^^^^^^^^^^^^^^^^^^^^^^^^^^^^^^^^^^^^^^^^^^^^^^^
	FORÇAS DISTRIBUÍDAS NAS BARRAS             (Sistema de coordenadas locais)

	num. barra    força x1(kN/m)    força x2(kN/m)    força y1(kN/m)    força y2(kN/m)
        ^^^^^^^^^^^^^^^^^^^^^^^^^^^^^^^^^^^^^^^^^^^^^^^^^^^^^^^^^^^^^^^^^^^^^^^^^^^^^^^^^^^^^
	
                 1                 0                 0              -2.4              -2.4
                 2                 0                 0              -2.4              -2.4



	^^^^^^^^^^^^^^^^^^^^^^^^^^^^^^^^^^^^^^^^^^^^^^^^^^^^^^^^^^^^^^^^^^^^^^^^^^^^^^^^^^^^^
	VINCULAÇÕES                      (Sendo: 1 = impedido, 0 = livre)

	num. no        vinc. x        vinc. y        vinc. z
	^^^^^^^^^^^^^^^^^^^^^^^^^^^^^^^^^^^^^^^^^^^^^^^^^^^^^^^^^^^^^^^^^^^^^^^^^^^^^^^^^^^^^
              1              1              1              1
              3              0              1              0
              5              1              1              1


	^^^^^^^^^^^^^^^^^^^^^^^^^^^^^^^^^^^^^^^^^^^^^^^^^^^^^^^^^^^^^^^^^^^^^^^^^^^^^^^^^^^^^
	RECALQUES

	num. no    recalque. x    recalque. y    recalque. z
	^^^^^^^^^^^^^^^^^^^^^^^^^^^^^^^^^^^^^^^^^^^^^^^^^^^^^^^^^^^^^^^^^^^^^^^^^^^^^^^^^^^^^
        


	^^^^^^^^^^^^^^^^^^^^^^^^^^^^^^^^^^^^^^^^^^^^^^^^^^^^^^^^^^^^^^^^^^^^^^^^^^^^^^^^^^^^^
	DESLOCAMENTOS NODAIS

	num. no      desloc. x      desloc. y      rotacao z
	^^^^^^^^^^^^^^^^^^^^^^^^^^^^^^^^^^^^^^^^^^^^^^^^^^^^^^^^^^^^^^^^^^^^^^^^^^^^^^^^^^^^^

              1     0.0000e+00     0.0000e+00     0.0000e+00
              2     4.4470e-05    -2.0448e-04    -1.5886e-04
              3     4.4470e-05     0.0000e+00     1.0305e-03
              4     5.3916e-05    -1.0224e-04     2.3039e-05
              5     0.0000e+00     0.0000e+00     0.0000e+00


	^^^^^^^^^^^^^^^^^^^^^^^^^^^^^^^^^^^^^^^^^^^^^^^^^^^^^^^^^^^^^^^^^^^^^^^^^^^^^^^^^^^^^
	ESFORÇOS FINAIS

	num. barra      num.no       F. normal(kN)     F. cortante(kN)     M. fletor(kN*m)
	^^^^^^^^^^^^^^^^^^^^^^^^^^^^^^^^^^^^^^^^^^^^^^^^^^^^^^^^^^^^^^^^^^^^^^^^^^^^^^^^^^^^^

              1              1          2.6148e+00          5.7780e+00         -4.8264e+00
                             2          2.6148e+00         -6.2220e+00         -5.9362e+00

              2              2          8.7515e-08          8.8071e+00         -9.6424e+00
                             3          8.7515e-08         -5.5929e+00          0.0000e+00

              3              2         -1.5029e+01         -2.6148e+00          3.7062e+00
                             4         -1.5029e+01         -2.6148e+00         -1.5234e+00

              4              4         -1.5029e+01          1.3852e+00         -1.5234e+00
                             5         -1.5029e+01          1.3852e+00          1.2470e+00
