        ^^^^^^^^^^^^^^^^^^^^^^^^^^^^^^^^^^^^^^^^^^^^^^^^^^^^^^^^^^^^^^^^^^^^^^^^^^^^^^^^^^^^^
                             *** Programa para análise de pórtico plano ***
		                    Faculdade de Engenharia de Bauru
        ^^^^^^^^^^^^^^^^^^^^^^^^^^^^^^^^^^^^^^^^^^^^^^^^^^^^^^^^^^^^^^^^^^^^^^^^^^^^^^^^^^^^^

	Engenheiro Estrutural: Ana Paula de Souza Neres
	Obra: Sobrado de 12 comodos
	Localização: rua João Manzanno n⁰ 220,  Garça-SP

	Convenção usual: N+ = tração
                         V+ = horário
                         M+ = tração na fibra inferior

	------DADOS GEREAIS DA ESTRUTURA------

        nome do portico:                                Modelo 2
        numero de nos:                                      5
        numero de elementos:                                5
        numero de nos com carga:                            1
        numero de elementos com carga:                      2
        numero de nos vinculados:                           2
        numero de nos com apoio elastico:                   2
        numero de nos com recalque:                         1


        ^^^^^^^^^^^^^^^^^^^^^^^^^^^^^^^^^^^^^^^^^^^^^^^^^^^^^^^^^^^^^^^^^^^^^^^^^^^^^^^^^^^^^
	COORDENADAS DOS NOS

	num. nó    coord. x(m)    coord. y(m)
        ^^^^^^^^^^^^^^^^^^^^^^^^^^^^^^^^^^^^^^^^^^^^^^^^^^^^^^^^^^^^^^^^^^^^^^^^^^^^^^^^^^^^^

              1              0              0
              2              3              4
              3            7.8              4
              4            7.8              2
              5            7.8              0
 
        ^^^^^^^^^^^^^^^^^^^^^^^^^^^^^^^^^^^^^^^^^^^^^^^^^^^^^^^^^^^^^^^^^^^^^^^^^^^^^^^^^^^^^
        INCIDENCIA 

        num. barra      no inicio         no fim       E(kN/cm²)         A(cm²)       Iz(cm⁴)
        ^^^^^^^^^^^^^^^^^^^^^^^^^^^^^^^^^^^^^^^^^^^^^^^^^^^^^^^^^^^^^^^^^^^^^^^^^^^^^^^^^^^^^

                 1              1              2        1.5e+07          0.002          4e-06
                 2              2              3        1.5e+07          0.002          8e-06
                 3              3              4        1.5e+07          0.004          8e-06
                 4              4              5        1.5e+07          0.004          8e-06
                 5              1              3        1.5e+07          0.002          4e-06
        
	^^^^^^^^^^^^^^^^^^^^^^^^^^^^^^^^^^^^^^^^^^^^^^^^^^^^^^^^^^^^^^^^^^^^^^^^^^^^^^^^^^^^^
        DADOS RELATIVOS A VARIAÇÃO TÉRMICA 

        num. barra          h(cm)     alpha(/⁰C)         te(⁰C)         ti(⁰C)
        ^^^^^^^^^^^^^^^^^^^^^^^^^^^^^^^^^^^^^^^^^^^^^^^^^^^^^^^^^^^^^^^^^^^^^^^^^^^^^^^^^^^^^

                 1             45             25              0             20
                 2             45             25              0             20
                 3             45             25              0             25
                 4             45             25              0             25
                 5             45             25             20             25


	^^^^^^^^^^^^^^^^^^^^^^^^^^^^^^^^^^^^^^^^^^^^^^^^^^^^^^^^^^^^^^^^^^^^^^^^^^^^^^^^^^^^^
	APOIOS ELÁSTICOS

	num. no       Kx(kN/m)       Ky(kN/m)    Kz(kN*m/rad)
	^^^^^^^^^^^^^^^^^^^^^^^^^^^^^^^^^^^^^^^^^^^^^^^^^^^^^^^^^^^^^^^^^^^^^^^^^^^^^^^^^^^^^

              3             10              0              0
              5              0              0             20


        ^^^^^^^^^^^^^^^^^^^^^^^^^^^^^^^^^^^^^^^^^^^^^^^^^^^^^^^^^^^^^^^^^^^^^^^^^^^^^^^^^^^^^    
	FORÇAS CONCENTRADAS NODAIS                 (Sistema de coordenadas globais)

	num. no         força x(kN)         força y(kN)        mom. z(kN*m)
        ^^^^^^^^^^^^^^^^^^^^^^^^^^^^^^^^^^^^^^^^^^^^^^^^^^^^^^^^^^^^^^^^^^^^^^^^^^^^^^^^^^^^^
	
              4                 -30                   0                 -35


        ^^^^^^^^^^^^^^^^^^^^^^^^^^^^^^^^^^^^^^^^^^^^^^^^^^^^^^^^^^^^^^^^^^^^^^^^^^^^^^^^^^^^^
	FORÇAS DISTRIBUÍDAS NAS BARRAS             (Sistema de coordenadas locais)

	num. barra    força x1(kN/m)    força x2(kN/m)    força y1(kN/m)    força y2(kN/m)
        ^^^^^^^^^^^^^^^^^^^^^^^^^^^^^^^^^^^^^^^^^^^^^^^^^^^^^^^^^^^^^^^^^^^^^^^^^^^^^^^^^^^^^
	
                 1                -5               -10               -12               -12
                 2                 0                 0               -12               -24


	^^^^^^^^^^^^^^^^^^^^^^^^^^^^^^^^^^^^^^^^^^^^^^^^^^^^^^^^^^^^^^^^^^^^^^^^^^^^^^^^^^^^^
	VINCULAÇÕES                      (Sendo: 1 = impedido, 0 = livre)

	num. no        vinc. x        vinc. y        vinc. z
	^^^^^^^^^^^^^^^^^^^^^^^^^^^^^^^^^^^^^^^^^^^^^^^^^^^^^^^^^^^^^^^^^^^^^^^^^^^^^^^^^^^^^
        
              1              1              1              0
              5              1              1              0


	^^^^^^^^^^^^^^^^^^^^^^^^^^^^^^^^^^^^^^^^^^^^^^^^^^^^^^^^^^^^^^^^^^^^^^^^^^^^^^^^^^^^^
	RECALQUES

	num. no    recalque. x    recalque. y    recalque. z
	^^^^^^^^^^^^^^^^^^^^^^^^^^^^^^^^^^^^^^^^^^^^^^^^^^^^^^^^^^^^^^^^^^^^^^^^^^^^^^^^^^^^^
        
              1              0          -0.05              0


	^^^^^^^^^^^^^^^^^^^^^^^^^^^^^^^^^^^^^^^^^^^^^^^^^^^^^^^^^^^^^^^^^^^^^^^^^^^^^^^^^^^^^
	DESLOCAMENTOS NODAIS

	num. no      desloc. x      desloc. y      rotacao z
	^^^^^^^^^^^^^^^^^^^^^^^^^^^^^^^^^^^^^^^^^^^^^^^^^^^^^^^^^^^^^^^^^^^^^^^^^^^^^^^^^^^^^

              1     0.0000e+00    -5.0000e-02    -1.8209e+03
              2     3.6392e+03    -1.1561e+03     1.9664e+02
              3     4.8439e+03     1.2517e+03    -5.7488e+02
              4     2.1944e+03     6.2584e+02    -1.6428e+03
              5     0.0000e+00     0.0000e+00    -1.1994e+02


	^^^^^^^^^^^^^^^^^^^^^^^^^^^^^^^^^^^^^^^^^^^^^^^^^^^^^^^^^^^^^^^^^^^^^^^^^^^^^^^^^^^^^
	ESFORÇOS FINAIS

	num. barra      num.no       F. normal(kN)     F. cortante(kN)     M. fletor(kN*m)
	^^^^^^^^^^^^^^^^^^^^^^^^^^^^^^^^^^^^^^^^^^^^^^^^^^^^^^^^^^^^^^^^^^^^^^^^^^^^^^^^^^^^^

              1              1          5.2130e+04         -2.5945e+03         -3.5920e+04
                             2          5.2168e+04         -2.6545e+03         -4.9042e+04

              2              2          2.9034e+04         -4.3134e+04         -4.9042e+04
                             3          2.9034e+04         -4.3220e+04         -2.5627e+05

              3              3          2.5068e+04          7.7722e+04         -3.0847e+05
                             4          2.5068e+04          7.7722e+04         -1.5302e+05

              4              4          2.5068e+04          7.7692e+04         -1.5299e+05
                             5          2.5068e+04          7.7692e+04          2.3988e+03

              5              1         -1.6918e+05         -1.0052e+04          3.5920e+04
                             3         -1.6918e+05         -1.0052e+04         -5.2196e+04
